# JRE version: OpenJDK Runtime Environment Temurin-21.0.10+7 (21.0.10+7) (build 21.0.10+7-LTS)
# Java VM: OpenJDK 64-Bit Server VM Temurin-21.0.10+7 (21.0.10+7-LTS, mixed mode, sharing, tiered, compressed oops, compressed class ptrs, parallel gc, windows-amd64)
GC Precious Log:
 CardTable entry size: 512
 CPUs: 8 total, 8 available
 Memory: 6088M
 Large Page Support: Disabled
 NUMA Support: Disabled
 Compressed Oops: Enabled (32-bit)
 Alignments: Space 512K, Generation 512K, Heap 2M
 Heap Min Capacity: 100M
 Heap Initial Capacity: 100M
 Heap Max Capacity: 2G
 Pre-touch: Disabled
 Parallel Workers: 8
Heap:
 PSYoungGen      total 1536K, used 627K [0x00000000d5580000, 0x00000000d5800000, 0x0000000100000000)
  eden space 1024K, 33% used [0x00000000d5580000,0x00000000d55d4fb8,0x00000000d5680000)
  from space 512K, 56% used [0x00000000d5780000,0x00000000d57c8000,0x00000000d5800000)
  to   space 512K, 0% used [0x00000000d5700000,0x00000000d5700000,0x00000000d5780000)
 ParOldGen       total 788992K, used 788982K [0x0000000080000000, 0x00000000b0280000, 0x00000000d5580000)
  object space 788992K, 99% used [0x0000000080000000,0x00000000b027dbf0,0x00000000b0280000)
 Metaspace       used 74603K, committed 76096K, reserved 1179648K
  class space    used 7971K, committed 8640K, reserved 1048576K
GC Heap History (20 events):
Event: 155.228 GC heap before
{Heap before GC invocations=1572 (full 3):
 PSYoungGen      total 3584K, used 3456K [0x00000000d5580000, 0x00000000d5b80000, 0x0000000100000000)
  eden space 2048K, 100% used [0x00000000d5580000,0x00000000d5780000,0x00000000d5780000)
  from space 1536K, 91% used [0x00000000d5a00000,0x00000000d5b60000,0x00000000d5b80000)
  to   space 2048K, 0% used [0x00000000d5780000,0x00000000d5780000,0x00000000d5980000)
 ParOldGen       total 778240K, used 777851K [0x0000000080000000, 0x00000000af800000, 0x00000000d5580000)
  object space 778240K, 99% used [0x0000000080000000,0x00000000af79ef98,0x00000000af800000)
 Metaspace       used 74531K, committed 76096K, reserved 1179648K
  class space    used 7965K, committed 8640K, reserved 1048576K
}
Event: 155.236 GC heap after
{Heap after GC invocations=1572 (full 3):
 PSYoungGen      total 4096K, used 1920K [0x00000000d5580000, 0x00000000d5c00000, 0x0000000100000000)
  eden space 2048K, 0% used [0x00000000d5580000,0x00000000d5580000,0x00000000d5780000)
  from space 2048K, 93% used [0x00000000d5780000,0x00000000d5960000,0x00000000d5980000)
  to   space 2048K, 0% used [0x00000000d5a00000,0x00000000d5a00000,0x00000000d5c00000)
 ParOldGen       total 779264K, used 779177K [0x0000000080000000, 0x00000000af900000, 0x00000000d5580000)
  object space 779264K, 99% used [0x0000000080000000,0x00000000af8ea718,0x00000000af900000)
 Metaspace       used 74531K, committed 76096K, reserved 1179648K
  class space    used 7965K, committed 8640K, reserved 1048576K
}
Event: 235.707 GC heap before
{Heap before GC invocations=1573 (full 3):
 PSYoungGen      total 4096K, used 3967K [0x00000000d5580000, 0x00000000d5c00000, 0x0000000100000000)
  eden space 2048K, 99% used [0x00000000d5580000,0x00000000d577ffe0,0x00000000d5780000)
  from space 2048K, 93% used [0x00000000d5780000,0x00000000d5960000,0x00000000d5980000)
  to   space 2048K, 0% used [0x00000000d5a00000,0x00000000d5a00000,0x00000000d5c00000)
 ParOldGen       total 779264K, used 779177K [0x0000000080000000, 0x00000000af900000, 0x00000000d5580000)
  object space 779264K, 99% used [0x0000000080000000,0x00000000af8ea718,0x00000000af900000)
 Metaspace       used 74552K, committed 76096K, reserved 1179648K
  class space    used 7967K, committed 8640K, reserved 1048576K
}
Event: 235.725 GC heap after
{Heap after GC invocations=1573 (full 3):
 PSYoungGen      total 4096K, used 1306K [0x00000000d5580000, 0x00000000d5b80000, 0x0000000100000000)
  eden space 2560K, 0% used [0x00000000d5580000,0x00000000d5580000,0x00000000d5800000)
  from space 1536K, 85% used [0x00000000d5a00000,0x00000000d5b46920,0x00000000d5b80000)
  to   space 1536K, 0% used [0x00000000d5880000,0x00000000d5880000,0x00000000d5a00000)
 ParOldGen       total 781312K, used 781015K [0x0000000080000000, 0x00000000afb00000, 0x00000000d5580000)
  object space 781312K, 99% used [0x0000000080000000,0x00000000afab5dc0,0x00000000afb00000)
 Metaspace       used 74552K, committed 76096K, reserved 1179648K
  class space    used 7967K, committed 8640K, reserved 1048576K
}
Event: 235.879 GC heap before
{Heap before GC invocations=1574 (full 3):
 PSYoungGen      total 4096K, used 3810K [0x00000000d5580000, 0x00000000d5b80000, 0x0000000100000000)
  eden space 2560K, 97% used [0x00000000d5580000,0x00000000d57f2180,0x00000000d5800000)
  from space 1536K, 85% used [0x00000000d5a00000,0x00000000d5b46920,0x00000000d5b80000)
  to   space 1536K, 0% used [0x00000000d5880000,0x00000000d5880000,0x00000000d5a00000)
 ParOldGen       total 781312K, used 781015K [0x0000000080000000, 0x00000000afb00000, 0x00000000d5580000)
  object space 781312K, 99% used [0x0000000080000000,0x00000000afab5dc0,0x00000000afb00000)
 Metaspace       used 74552K, committed 76096K, reserved 1179648K
  class space    used 7967K, committed 8640K, reserved 1048576K
}
Event: 235.887 GC heap after
{Heap after GC invocations=1574 (full 3):
 PSYoungGen      total 4096K, used 1049K [0x00000000d5580000, 0x00000000d5b00000, 0x0000000100000000)
  eden space 2560K, 0% used [0x00000000d5580000,0x00000000d5580000,0x00000000d5800000)
  from space 1536K, 68% used [0x00000000d5880000,0x00000000d59867f8,0x00000000d5a00000)
  to   space 1024K, 0% used [0x00000000d5a00000,0x00000000d5a00000,0x00000000d5b00000)
 ParOldGen       total 782336K, used 782226K [0x0000000080000000, 0x00000000afc00000, 0x00000000d5580000)
  object space 782336K, 99% used [0x0000000080000000,0x00000000afbe48b0,0x00000000afc00000)
 Metaspace       used 74552K, committed 76096K, reserved 1179648K
  class space    used 7967K, committed 8640K, reserved 1048576K
}
Event: 236.030 GC heap before
{Heap before GC invocations=1575 (full 3):
 PSYoungGen      total 4096K, used 3593K [0x00000000d5580000, 0x00000000d5b00000, 0x0000000100000000)
  eden space 2560K, 99% used [0x00000000d5580000,0x00000000d57fbfd0,0x00000000d5800000)
  from space 1536K, 68% used [0x00000000d5880000,0x00000000d59867f8,0x00000000d5a00000)
  to   space 1024K, 0% used [0x00000000d5a00000,0x00000000d5a00000,0x00000000d5b00000)
 ParOldGen       total 782336K, used 782226K [0x0000000080000000, 0x00000000afc00000, 0x00000000d5580000)
  object space 782336K, 99% used [0x0000000080000000,0x00000000afbe48b0,0x00000000afc00000)
 Metaspace       used 74552K, committed 76096K, reserved 1179648K
  class space    used 7967K, committed 8640K, reserved 1048576K
}
Event: 236.039 GC heap after
{Heap after GC invocations=1575 (full 3):
 PSYoungGen      total 2048K, used 1018K [0x00000000d5580000, 0x00000000d5f00000, 0x0000000100000000)
  eden space 1024K, 0% used [0x00000000d5580000,0x00000000d5580000,0x00000000d5680000)
  from space 1024K, 99% used [0x00000000d5a00000,0x00000000d5afea00,0x00000000d5b00000)
  to   space 3584K, 0% used [0x00000000d5680000,0x00000000d5680000,0x00000000d5a00000)
 ParOldGen       total 784384K, used 784365K [0x0000000080000000, 0x00000000afe00000, 0x00000000d5580000)
  object space 784384K, 99% used [0x0000000080000000,0x00000000afdfb5e0,0x00000000afe00000)
 Metaspace       used 74552K, committed 76096K, reserved 1179648K
  class space    used 7967K, committed 8640K, reserved 1048576K
}
Event: 236.122 GC heap before
{Heap before GC invocations=1576 (full 3):
 PSYoungGen      total 2048K, used 1968K [0x00000000d5580000, 0x00000000d5f00000, 0x0000000100000000)
  eden space 1024K, 92% used [0x00000000d5580000,0x00000000d566d898,0x00000000d5680000)
  from space 1024K, 99% used [0x00000000d5a00000,0x00000000d5afea00,0x00000000d5b00000)
  to   space 3584K, 0% used [0x00000000d5680000,0x00000000d5680000,0x00000000d5a00000)
 ParOldGen       total 784384K, used 784365K [0x0000000080000000, 0x00000000afe00000, 0x00000000d5580000)
  object space 784384K, 99% used [0x0000000080000000,0x00000000afdfb5e0,0x00000000afe00000)
 Metaspace       used 74552K, committed 76096K, reserved 1179648K
  class space    used 7967K, committed 8640K, reserved 1048576K
}
Event: 236.129 GC heap after
{Heap after GC invocations=1576 (full 3):
 PSYoungGen      total 2048K, used 870K [0x00000000d5580000, 0x00000000d5a80000, 0x0000000100000000)
  eden space 1024K, 0% used [0x00000000d5580000,0x00000000d5580000,0x00000000d5680000)
  from space 1024K, 85% used [0x00000000d5680000,0x00000000d5759b10,0x00000000d5780000)
  to   space 2048K, 0% used [0x00000000d5880000,0x00000000d5880000,0x00000000d5a80000)
 ParOldGen       total 785920K, used 785402K [0x0000000080000000, 0x00000000aff80000, 0x00000000d5580000)
  object space 785920K, 99% used [0x0000000080000000,0x00000000afefe8f8,0x00000000aff80000)
 Metaspace       used 74552K, committed 76096K, reserved 1179648K
  class space    used 7967K, committed 8640K, reserved 1048576K
}
Event: 236.214 GC heap before
{Heap before GC invocations=1577 (full 3):
 PSYoungGen      total 2048K, used 1894K [0x00000000d5580000, 0x00000000d5a80000, 0x0000000100000000)
  eden space 1024K, 100% used [0x00000000d5580000,0x00000000d5680000,0x00000000d5680000)
  from space 1024K, 85% used [0x00000000d5680000,0x00000000d5759b10,0x00000000d5780000)
  to   space 2048K, 0% used [0x00000000d5880000,0x00000000d5880000,0x00000000d5a80000)
 ParOldGen       total 785920K, used 785402K [0x0000000080000000, 0x00000000aff80000, 0x00000000d5580000)
  object space 785920K, 99% used [0x0000000080000000,0x00000000afefe8f8,0x00000000aff80000)
 Metaspace       used 74552K, committed 76096K, reserved 1179648K
  class space    used 7967K, committed 8640K, reserved 1048576K
}
Event: 236.222 GC heap after
{Heap after GC invocations=1577 (full 3):
 PSYoungGen      total 2048K, used 880K [0x00000000d5580000, 0x00000000d5980000, 0x0000000100000000)
  eden space 1024K, 0% used [0x00000000d5580000,0x00000000d5580000,0x00000000d5680000)
  from space 1024K, 86% used [0x00000000d5880000,0x00000000d595c3f0,0x00000000d5980000)
  to   space 1024K, 0% used [0x00000000d5680000,0x00000000d5680000,0x00000000d5780000)
 ParOldGen       total 786432K, used 786115K [0x0000000080000000, 0x00000000b0000000, 0x00000000d5580000)
  object space 786432K, 99% used [0x0000000080000000,0x00000000affb0f58,0x00000000b0000000)
 Metaspace       used 74552K, committed 76096K, reserved 1179648K
  class space    used 7967K, committed 8640K, reserved 1048576K
}
Event: 236.380 GC heap before
{Heap before GC invocations=1578 (full 3):
 PSYoungGen      total 2048K, used 1904K [0x00000000d5580000, 0x00000000d5980000, 0x0000000100000000)
  eden space 1024K, 100% used [0x00000000d5580000,0x00000000d5680000,0x00000000d5680000)
  from space 1024K, 86% used [0x00000000d5880000,0x00000000d595c3f0,0x00000000d5980000)
  to   space 1024K, 0% used [0x00000000d5680000,0x00000000d5680000,0x00000000d5780000)
 ParOldGen       total 786432K, used 786115K [0x0000000080000000, 0x00000000b0000000, 0x00000000d5580000)
  object space 786432K, 99% used [0x0000000080000000,0x00000000affb0f58,0x00000000b0000000)
 Metaspace       used 74553K, committed 76096K, reserved 1179648K
  class space    used 7967K, committed 8640K, reserved 1048576K
}
Event: 236.386 GC heap after
{Heap after GC invocations=1578 (full 3):
 PSYoungGen      total 2048K, used 903K [0x00000000d5580000, 0x00000000d5900000, 0x0000000100000000)
  eden space 1024K, 0% used [0x00000000d5580000,0x00000000d5580000,0x00000000d5680000)
  from space 1024K, 88% used [0x00000000d5680000,0x00000000d5761dd0,0x00000000d5780000)
  to   space 1024K, 0% used [0x00000000d5800000,0x00000000d5800000,0x00000000d5900000)
 ParOldGen       total 786944K, used 786914K [0x0000000080000000, 0x00000000b0080000, 0x00000000d5580000)
  object space 786944K, 99% used [0x0000000080000000,0x00000000b0078ad0,0x00000000b0080000)
 Metaspace       used 74553K, committed 76096K, reserved 1179648K
  class space    used 7967K, committed 8640K, reserved 1048576K
}
Event: 236.692 GC heap before
{Heap before GC invocations=1579 (full 3):
 PSYoungGen      total 2048K, used 1927K [0x00000000d5580000, 0x00000000d5900000, 0x0000000100000000)
  eden space 1024K, 100% used [0x00000000d5580000,0x00000000d5680000,0x00000000d5680000)
  from space 1024K, 88% used [0x00000000d5680000,0x00000000d5761dd0,0x00000000d5780000)
  to   space 1024K, 0% used [0x00000000d5800000,0x00000000d5800000,0x00000000d5900000)
 ParOldGen       total 786944K, used 786914K [0x0000000080000000, 0x00000000b0080000, 0x00000000d5580000)
  object space 786944K, 99% used [0x0000000080000000,0x00000000b0078ad0,0x00000000b0080000)
 Metaspace       used 74558K, committed 76096K, reserved 1179648K
  class space    used 7967K, committed 8640K, reserved 1048576K
}
Event: 236.699 GC heap after
{Heap after GC invocations=1579 (full 3):
 PSYoungGen      total 2048K, used 894K [0x00000000d5580000, 0x00000000d5900000, 0x0000000100000000)
  eden space 1024K, 0% used [0x00000000d5580000,0x00000000d5580000,0x00000000d5680000)
  from space 1024K, 87% used [0x00000000d5800000,0x00000000d58df8c8,0x00000000d5900000)
  to   space 1024K, 0% used [0x00000000d5680000,0x00000000d5680000,0x00000000d5780000)
 ParOldGen       total 787968K, used 787661K [0x0000000080000000, 0x00000000b0180000, 0x00000000d5580000)
  object space 787968K, 99% used [0x0000000080000000,0x00000000b01335e0,0x00000000b0180000)
 Metaspace       used 74558K, committed 76096K, reserved 1179648K
  class space    used 7967K, committed 8640K, reserved 1048576K
}
Event: 237.051 GC heap before
{Heap before GC invocations=1580 (full 3):
 PSYoungGen      total 2048K, used 1918K [0x00000000d5580000, 0x00000000d5900000, 0x0000000100000000)
  eden space 1024K, 100% used [0x00000000d5580000,0x00000000d5680000,0x00000000d5680000)
  from space 1024K, 87% used [0x00000000d5800000,0x00000000d58df8c8,0x00000000d5900000)
  to   space 1024K, 0% used [0x00000000d5680000,0x00000000d5680000,0x00000000d5780000)
 ParOldGen       total 787968K, used 787661K [0x0000000080000000, 0x00000000b0180000, 0x00000000d5580000)
  object space 787968K, 99% used [0x0000000080000000,0x00000000b01335e0,0x00000000b0180000)
 Metaspace       used 74561K, committed 76096K, reserved 1179648K
  class space    used 7967K, committed 8640K, reserved 1048576K
}
Event: 237.059 GC heap after
{Heap after GC invocations=1580 (full 3):
 PSYoungGen      total 2048K, used 640K [0x00000000d5580000, 0x00000000d5880000, 0x0000000100000000)
  eden space 1024K, 0% used [0x00000000d5580000,0x00000000d5580000,0x00000000d5680000)
  from space 1024K, 62% used [0x00000000d5680000,0x00000000d5720000,0x00000000d5780000)
  to   space 1024K, 0% used [0x00000000d5780000,0x00000000d5780000,0x00000000d5880000)
 ParOldGen       total 788480K, used 788414K [0x0000000080000000, 0x00000000b0200000, 0x00000000d5580000)
  object space 788480K, 99% used [0x0000000080000000,0x00000000b01efbf0,0x00000000b0200000)
 Metaspace       used 74561K, committed 76096K, reserved 1179648K
  class space    used 7967K, committed 8640K, reserved 1048576K
}
Event: 401.935 GC heap before
{Heap before GC invocations=1581 (full 3):
 PSYoungGen      total 2048K, used 1663K [0x00000000d5580000, 0x00000000d5880000, 0x0000000100000000)
  eden space 1024K, 99% used [0x00000000d5580000,0x00000000d567fec0,0x00000000d5680000)
  from space 1024K, 62% used [0x00000000d5680000,0x00000000d5720000,0x00000000d5780000)
  to   space 1024K, 0% used [0x00000000d5780000,0x00000000d5780000,0x00000000d5880000)
 ParOldGen       total 788480K, used 788414K [0x0000000080000000, 0x00000000b0200000, 0x00000000d5580000)
  object space 788480K, 99% used [0x0000000080000000,0x00000000b01efbf0,0x00000000b0200000)
 Metaspace       used 74580K, committed 76096K, reserved 1179648K
  class space    used 7968K, committed 8640K, reserved 1048576K
}
Event: 401.940 GC heap after
{Heap after GC invocations=1581 (full 3):
 PSYoungGen      total 1536K, used 288K [0x00000000d5580000, 0x00000000d5800000, 0x0000000100000000)
  eden space 1024K, 0% used [0x00000000d5580000,0x00000000d5580000,0x00000000d5680000)
  from space 512K, 56% used [0x00000000d5780000,0x00000000d57c8000,0x00000000d5800000)
  to   space 512K, 0% used [0x00000000d5700000,0x00000000d5700000,0x00000000d5780000)
 ParOldGen       total 788992K, used 788982K [0x0000000080000000, 0x00000000b0280000, 0x00000000d5580000)
  object space 788992K, 99% used [0x0000000080000000,0x00000000b027dbf0,0x00000000b0280000)
 Metaspace       used 74580K, committed 76096K, reserved 1179648K
  class space    used 7968K, committed 8640K, reserved 1048576K
}

