<?xml version="1.0" encoding="UTF-8"?>
<testsuite xmlns:xsi="http://www.w3.org/2001/XMLSchema-instance" xsi:noNamespaceSchemaLocation="https://maven.apache.org/surefire/maven-surefire-plugin/xsd/surefire-test-report-3.0.xsd" version="3.0" name="com.kunal.autoops.AutoOpsApplicationTests" time="48.068" tests="1" errors="0" skipped="0" failures="0">
  <properties>
[...]
</properties>
  <testcase name="contextLoads" classname="com.kunal.autoops.AutoOpsApplicationTests" time="3.694">
    <system-out><![CDATA[10:50:04.179 [main] INFO org.springframework.test.context.support.AnnotationConfigContextLoaderUtils -- Could not detect default configuration classes for test class [com.kunal.autoops.AutoOpsApplicationTests]: AutoOpsApplicationTests does not declare any static, non-private, non-final, nested classes annotated with @Configuration.
10:50:04.893 [main] INFO org.springframework.boot.test.context.SpringBootTestContextBootstrapper -- Found @SpringBootConfiguration com.kunal.autoops.AutoOpsApplication for test class com.kunal.autoops.AutoOpsApplicationTests

  .   ____          _            __ _ _
 /\\ / ___'_ __ _ _(_)_ __  __ _ \ \ \ \
( ( )\___ | '_ | '_| | '_ \/ _` | \ \ \ \
 \\/  ___)| |_)| | | | | || (_| |  ) ) ) )
  '  |____| .__|_| |_|_| |_\__, | / / / /
 =========|_|==============|___/=/_/_/_/

 :: Spring Boot ::                (v3.3.5)

2026-05-09T10:50:07.049+05:30  INFO 3820 --- [AutoOps X] [           main] c.kunal.autoops.AutoOpsApplicationTests  : Starting AutoOpsApplicationTests using Java 21.0.9 with PID 3820 (started by Asus in C:\Users\Asus\Downloads\autoops-mcp)
2026-05-09T10:50:07.072+05:30  INFO 3820 --- [AutoOps X] [           main] c.kunal.autoops.AutoOpsApplicationTests  : No active profile set, falling back to 1 default profile: "default"
2026-05-09T10:50:15.572+05:30  INFO 3820 --- [AutoOps X] [           main] .s.d.r.c.RepositoryConfigurationDelegate : Bootstrapping Spring Data JPA repositories in DEFAULT mode.
2026-05-09T10:50:16.120+05:30  INFO 3820 --- [AutoOps X] [           main] .s.d.r.c.RepositoryConfigurationDelegate : Finished Spring Data repository scanning in 504 ms. Found 11 JPA repository interfaces.
2026-05-09T10:50:21.362+05:30  INFO 3820 --- [AutoOps X] [           main] com.zaxxer.hikari.HikariDataSource       : HikariPool-1 - Starting...
2026-05-09T10:50:22.132+05:30  INFO 3820 --- [AutoOps X] [           main] com.zaxxer.hikari.pool.HikariPool        : HikariPool-1 - Added connection conn0: url=jdbc:h2:mem:autoops user=SA
2026-05-09T10:50:22.142+05:30  INFO 3820 --- [AutoOps X] [           main] com.zaxxer.hikari.HikariDataSource       : HikariPool-1 - Start completed.
2026-05-09T10:50:22.340+05:30  INFO 3820 --- [AutoOps X] [           main] org.flywaydb.core.FlywayExecutor         : Database: jdbc:h2:mem:autoops (H2 2.2)
2026-05-09T10:50:22.370+05:30  WARN 3820 --- [AutoOps X] [           main] o.f.c.internal.database.base.Database    : Flyway upgrade recommended: H2 2.2.224 is newer than this version of Flyway and support has not been tested. The latest supported version of H2 is 2.2.220.
2026-05-09T10:50:22.463+05:30  INFO 3820 --- [AutoOps X] [           main] o.f.c.i.s.JdbcTableSchemaHistory         : Schema history table "PUBLIC"."flyway_schema_history" does not exist yet
2026-05-09T10:50:22.468+05:30  INFO 3820 --- [AutoOps X] [           main] o.f.core.internal.command.DbValidate     : Successfully validated 0 migrations (execution time 00:00.027s)
2026-05-09T10:50:22.469+05:30  WARN 3820 --- [AutoOps X] [           main] o.f.core.internal.command.DbValidate     : No migrations found. Are your locations set up correctly?
2026-05-09T10:50:22.500+05:30  INFO 3820 --- [AutoOps X] [           main] o.f.c.i.s.JdbcTableSchemaHistory         : Creating Schema History table "PUBLIC"."flyway_schema_history" ...
2026-05-09T10:50:22.680+05:30  INFO 3820 --- [AutoOps X] [           main] o.f.core.internal.command.DbMigrate      : Current version of schema "PUBLIC": << Empty Schema >>
2026-05-09T10:50:22.723+05:30  INFO 3820 --- [AutoOps X] [           main] o.f.core.internal.command.DbMigrate      : Schema "PUBLIC" is up to date. No migration necessary.
2026-05-09T10:50:23.786+05:30  INFO 3820 --- [AutoOps X] [           main] o.hibernate.jpa.internal.util.LogHelper  : HHH000204: Processing PersistenceUnitInfo [name: default]
2026-05-09T10:50:24.389+05:30  INFO 3820 --- [AutoOps X] [           main] org.hibernate.Version                    : HHH000412: Hibernate ORM core version 6.5.3.Final
2026-05-09T10:50:24.645+05:30  INFO 3820 --- [AutoOps X] [           main] o.h.c.internal.RegionFactoryInitiator    : HHH000026: Second-level cache disabled
2026-05-09T10:50:25.934+05:30  INFO 3820 --- [AutoOps X] [           main] o.s.o.j.p.SpringPersistenceUnitInfo      : No LoadTimeWeaver setup: ignoring JPA class transformer
2026-05-09T10:50:30.789+05:30  INFO 3820 --- [AutoOps X] [           main] o.h.e.t.j.p.i.JtaPlatformInitiator       : HHH000489: No JTA platform available (set 'hibernate.transaction.jta.platform' to enable JTA platform integration)
2026-05-09T10:50:30.948+05:30  INFO 3820 --- [AutoOps X] [           main] j.LocalContainerEntityManagerFactoryBean : Initialized JPA EntityManagerFactory for persistence unit 'default'
2026-05-09T10:50:38.435+05:30  WARN 3820 --- [AutoOps X] [           main] JpaBaseConfiguration$JpaWebConfiguration : spring.jpa.open-in-view is enabled by default. Therefore, database queries may be performed during view rendering. Explicitly configure spring.jpa.open-in-view to disable this warning
2026-05-09T10:50:46.214+05:30  INFO 3820 --- [AutoOps X] [           main] o.s.b.a.h2.H2ConsoleAutoConfiguration    : H2 console available at '/h2-console'. Database available at 'jdbc:h2:mem:autoops'
2026-05-09T10:50:46.338+05:30  INFO 3820 --- [AutoOps X] [           main] o.s.b.a.e.web.EndpointLinksResolver      : Exposing 3 endpoints beneath base path '/actuator'
2026-05-09T10:50:46.795+05:30  INFO 3820 --- [AutoOps X] [           main] c.kunal.autoops.AutoOpsApplicationTests  : Started AutoOpsApplicationTests in 41.215 seconds (process running for 46.871)
]]></system-out>
    <system-err><![CDATA[WARNING: A Java agent has been loaded dynamically (C:\Users\Asus\.m2\repository\net\bytebuddy\byte-buddy-agent\1.14.19\byte-buddy-agent-1.14.19.jar)
WARNING: If a serviceability tool is in use, please run with -XX:+EnableDynamicAgentLoading to hide this warning
WARNING: If a serviceability tool is not in use, please run with -Djdk.instrument.traceUsage for more information
WARNING: Dynamic loading of agents will be disallowed by default in a future release
]]></system-err>
  </testcase>
</testsuite>